<?xml version="1.0" encoding="utf-8"?>
<test-run id="2" name="EvenCart.Common.Tests.dll" fullname="F:/SourceRepositories/RoastedMarketplace/src/Tests/EvenCart.Tests.Runner/bin/Debug/netcoreapp3.1/EvenCart.Common.Tests.dll" testcasecount="9" result="Passed" start-time="2021-06-17 06:17:25Z" end-time="2021-06-17 06:18:25Z" duration="60.158071" total="9" passed="9" failed="0" inconclusive="0" skipped="0" asserts="78" random-seed="1734354895">
  <command-line><![CDATA[F:\SourceRepositories\RoastedMarketplace\src\Tests\EvenCart.Tests.Runner\bin\Debug\netcoreapp3.1\EvenCart.Tests.Runner.dll]]></command-line>
  <filter />
  <test-suite type="Assembly" id="1124" name="EvenCart.Common.Tests.dll" fullname="F:/SourceRepositories/RoastedMarketplace/src/Tests/EvenCart.Tests.Runner/bin/Debug/netcoreapp3.1/EvenCart.Common.Tests.dll" runstate="Runnable" testcasecount="9" result="Passed" start-time="2021-06-17 06:17:25Z" end-time="2021-06-17 06:18:25Z" duration="60.158071" total="9" passed="9" failed="0" warnings="0" inconclusive="0" skipped="0" asserts="78">
    <environment framework-version="3.12.0.0" clr-version="3.1.13" os-version="Microsoft Windows 10.0.19043" platform="Win32NT" cwd="F:\SourceRepositories\RoastedMarketplace\src\Tests\EvenCart.Tests.Runner" machine-name="AKSHPC" user="apexol" user-domain="AKSHPC" culture="en-IN" uiculture="en-US" os-architecture="x64" />
    <settings>
      <setting name="WorkDirectory" value="F:\SourceRepositories\RoastedMarketplace\src\Tests\EvenCart.Tests.Runner" />
      <setting name="NumberOfTestWorkers" value="8" />
    </settings>
    <properties>
      <property name="_PID" value="1384" />
      <property name="_APPDOMAIN" value="EvenCart.Tests.Runner" />
    </properties>
    <test-suite type="TestSuite" id="1125" name="EvenCart" fullname="EvenCart" runstate="Runnable" testcasecount="9" result="Passed" start-time="2021-06-17 06:17:25Z" end-time="2021-06-17 06:18:25Z" duration="60.158004" total="9" passed="9" failed="0" warnings="0" inconclusive="0" skipped="0" asserts="78">
      <test-suite type="TestSuite" id="1126" name="Common" fullname="EvenCart.Common" runstate="Runnable" testcasecount="9" result="Passed" start-time="2021-06-17 06:17:25Z" end-time="2021-06-17 06:18:25Z" duration="60.157995" total="9" passed="9" failed="0" warnings="0" inconclusive="0" skipped="0" asserts="78">
        <test-suite type="TestSuite" id="1127" name="Tests" fullname="EvenCart.Common.Tests" runstate="Runnable" testcasecount="9" result="Passed" start-time="2021-06-17 06:17:25Z" end-time="2021-06-17 06:18:25Z" duration="60.157988" total="9" passed="9" failed="0" warnings="0" inconclusive="0" skipped="0" asserts="78">
          <test-suite type="TestFixture" id="1107" name="CommonHelperTests" fullname="EvenCart.Common.Tests.CommonHelperTests" classname="EvenCart.Common.Tests.CommonHelperTests" runstate="Runnable" testcasecount="1" result="Passed" start-time="2021-06-17 06:17:25Z" end-time="2021-06-17 06:17:25Z" duration="0.008545" total="1" passed="1" failed="0" warnings="0" inconclusive="0" skipped="0" asserts="5">
            <test-case id="1108" name="Generate_Slug_Tests_Succeed" fullname="EvenCart.Common.Tests.CommonHelperTests.Generate_Slug_Tests_Succeed" methodname="Generate_Slug_Tests_Succeed" classname="EvenCart.Common.Tests.CommonHelperTests" runstate="Runnable" seed="1458262573" result="Passed" start-time="2021-06-17 06:17:25Z" end-time="2021-06-17 06:17:25Z" duration="0.008198" asserts="5" />
          </test-suite>
          <test-suite type="TestFixture" id="1109" name="DateTimeExtensionTests" fullname="EvenCart.Common.Tests.DateTimeExtensionTests" classname="EvenCart.Common.Tests.DateTimeExtensionTests" runstate="Runnable" testcasecount="1" result="Passed" start-time="2021-06-17 06:17:25Z" end-time="2021-06-17 06:17:25Z" duration="0.007404" total="1" passed="1" failed="0" warnings="0" inconclusive="0" skipped="0" asserts="6">
            <test-case id="1110" name="GetWeekRange_Succeeds" fullname="EvenCart.Common.Tests.DateTimeExtensionTests.GetWeekRange_Succeeds" methodname="GetWeekRange_Succeeds" classname="EvenCart.Common.Tests.DateTimeExtensionTests" runstate="Runnable" seed="1847106246" result="Passed" start-time="2021-06-17 06:17:25Z" end-time="2021-06-17 06:17:25Z" duration="0.007071" asserts="6" />
          </test-suite>
          <test-suite type="TestFixture" id="1111" name="HtmlUtilityTests" fullname="EvenCart.Common.Tests.HtmlUtilityTests" classname="EvenCart.Common.Tests.HtmlUtilityTests" runstate="Runnable" testcasecount="1" result="Passed" start-time="2021-06-17 06:17:25Z" end-time="2021-06-17 06:17:25Z" duration="0.059467" total="1" passed="1" failed="0" warnings="0" inconclusive="0" skipped="0" asserts="3">
            <test-case id="1112" name="HtmlUtility_Tests_Succeeed" fullname="EvenCart.Common.Tests.HtmlUtilityTests.HtmlUtility_Tests_Succeeed" methodname="HtmlUtility_Tests_Succeeed" classname="EvenCart.Common.Tests.HtmlUtilityTests" runstate="Runnable" seed="1616234322" result="Passed" start-time="2021-06-17 06:17:25Z" end-time="2021-06-17 06:17:25Z" duration="0.059282" asserts="3" />
          </test-suite>
          <test-suite type="TestFixture" id="1113" name="MemoryCacheProviderTests" fullname="EvenCart.Common.Tests.MemoryCacheProviderTests" classname="EvenCart.Common.Tests.MemoryCacheProviderTests" runstate="Runnable" testcasecount="2" result="Passed" start-time="2021-06-17 06:17:25Z" end-time="2021-06-17 06:18:25Z" duration="60.049101" total="2" passed="2" failed="0" warnings="0" inconclusive="0" skipped="0" asserts="11">
            <test-case id="1115" name="Memory_Cache_Expiration_Tests_Succeed" fullname="EvenCart.Common.Tests.MemoryCacheProviderTests.Memory_Cache_Expiration_Tests_Succeed" methodname="Memory_Cache_Expiration_Tests_Succeed" classname="EvenCart.Common.Tests.MemoryCacheProviderTests" runstate="Runnable" seed="1811875956" result="Passed" start-time="2021-06-17 06:17:25Z" end-time="2021-06-17 06:18:25Z" duration="60.041983" asserts="3" />
            <test-case id="1114" name="Memory_Cache_Simple_Tests_Succeed" fullname="EvenCart.Common.Tests.MemoryCacheProviderTests.Memory_Cache_Simple_Tests_Succeed" methodname="Memory_Cache_Simple_Tests_Succeed" classname="EvenCart.Common.Tests.MemoryCacheProviderTests" runstate="Runnable" seed="14051997" result="Passed" start-time="2021-06-17 06:18:25Z" end-time="2021-06-17 06:18:25Z" duration="0.006279" asserts="8" />
          </test-suite>
          <test-suite type="TestFixture" id="1116" name="NumericExtensionsTests" fullname="EvenCart.Common.Tests.NumericExtensionsTests" classname="EvenCart.Common.Tests.NumericExtensionsTests" runstate="Runnable" testcasecount="1" result="Passed" start-time="2021-06-17 06:18:25Z" end-time="2021-06-17 06:18:25Z" duration="0.003311" total="1" passed="1" failed="0" warnings="0" inconclusive="0" skipped="0" asserts="8">
            <test-case id="1117" name="Numeric_Tests_Succeed" fullname="EvenCart.Common.Tests.NumericExtensionsTests.Numeric_Tests_Succeed" methodname="Numeric_Tests_Succeed" classname="EvenCart.Common.Tests.NumericExtensionsTests" runstate="Runnable" seed="1965344542" result="Passed" start-time="2021-06-17 06:18:25Z" end-time="2021-06-17 06:18:25Z" duration="0.002822" asserts="8" />
          </test-suite>
          <test-suite type="TestFixture" id="1118" name="StringTests" fullname="EvenCart.Common.Tests.StringTests" classname="EvenCart.Common.Tests.StringTests" runstate="Runnable" testcasecount="1" result="Passed" start-time="2021-06-17 06:18:25Z" end-time="2021-06-17 06:18:25Z" duration="0.005293" total="1" passed="1" failed="0" warnings="0" inconclusive="0" skipped="0" asserts="9">
            <test-case id="1119" name="String_Extensions_Tests_Succeed" fullname="EvenCart.Common.Tests.StringTests.String_Extensions_Tests_Succeed" methodname="String_Extensions_Tests_Succeed" classname="EvenCart.Common.Tests.StringTests" runstate="Runnable" seed="1838824776" result="Passed" start-time="2021-06-17 06:18:25Z" end-time="2021-06-17 06:18:25Z" duration="0.004957" asserts="9" />
          </test-suite>
          <test-suite type="TestFixture" id="1120" name="TypeConverterTests" fullname="EvenCart.Common.Tests.TypeConverterTests" classname="EvenCart.Common.Tests.TypeConverterTests" runstate="Runnable" testcasecount="1" result="Passed" start-time="2021-06-17 06:18:25Z" end-time="2021-06-17 06:18:25Z" duration="0.023937" total="1" passed="1" failed="0" warnings="0" inconclusive="0" skipped="0" asserts="32">
            <test-case id="1121" name="Type_Conversion_Succeeds" fullname="EvenCart.Common.Tests.TypeConverterTests.Type_Conversion_Succeeds" methodname="Type_Conversion_Succeeds" classname="EvenCart.Common.Tests.TypeConverterTests" runstate="Runnable" seed="323702675" result="Passed" start-time="2021-06-17 06:18:25Z" end-time="2021-06-17 06:18:25Z" duration="0.023559" asserts="32" />
          </test-suite>
          <test-suite type="TestFixture" id="1122" name="WebHelperTests" fullname="EvenCart.Common.Tests.WebHelperTests" classname="EvenCart.Common.Tests.WebHelperTests" runstate="Runnable" testcasecount="1" result="Passed" start-time="2021-06-17 06:18:25Z" end-time="2021-06-17 06:18:25Z" duration="0.000472" total="1" passed="1" failed="0" warnings="0" inconclusive="0" skipped="0" asserts="4">
            <test-case id="1123" name="Get_Url_From_Path_Succeeds" fullname="EvenCart.Common.Tests.WebHelperTests.Get_Url_From_Path_Succeeds" methodname="Get_Url_From_Path_Succeeds" classname="EvenCart.Common.Tests.WebHelperTests" runstate="Runnable" seed="45169608" result="Passed" start-time="2021-06-17 06:18:25Z" end-time="2021-06-17 06:18:25Z" duration="0.000344" asserts="4" />
          </test-suite>
        </test-suite>
      </test-suite>
    </test-suite>
  </test-suite>
</test-run>